ERROR - 2022-12-15 20:03:59 --> Error connecting to the database: mysqli_sql_exception: Access denied for user 'root'@'localhost' (using password: YES) in C:\xampp\htdocs\Restfull_API\Rest_API_Server\system\Database\MySQLi\Connection.php:171
Stack trace:
#0 C:\xampp\htdocs\Restfull_API\Rest_API_Server\system\Database\MySQLi\Connection.php(171): mysqli->real_connect('localhost', 'root', 'root', 'restfulldb', 3306, '', 0)
#1 C:\xampp\htdocs\Restfull_API\Rest_API_Server\system\Database\BaseConnection.php(382): CodeIgniter\Database\MySQLi\Connection->connect(false)
#2 C:\xampp\htdocs\Restfull_API\Rest_API_Server\system\Database\BaseConnection.php(561): CodeIgniter\Database\BaseConnection->initialize()
#3 C:\xampp\htdocs\Restfull_API\Rest_API_Server\system\Database\BaseBuilder.php(1585): CodeIgniter\Database\BaseConnection->query('SELECT *\nFROM `...', Array, false)
#4 C:\xampp\htdocs\Restfull_API\Rest_API_Server\system\Model.php(223): CodeIgniter\Database\BaseBuilder->get()
#5 C:\xampp\htdocs\Restfull_API\Rest_API_Server\system\BaseModel.php(585): CodeIgniter\Model->doFindAll(0, 0)
#6 C:\xampp\htdocs\Restfull_API\Rest_API_Server\app\Controllers\Product.php(16): CodeIgniter\BaseModel->findAll()
#7 C:\xampp\htdocs\Restfull_API\Rest_API_Server\system\CodeIgniter.php(927): App\Controllers\Product->index()
#8 C:\xampp\htdocs\Restfull_API\Rest_API_Server\system\CodeIgniter.php(482): CodeIgniter\CodeIgniter->runController(Object(App\Controllers\Product))
#9 C:\xampp\htdocs\Restfull_API\Rest_API_Server\system\CodeIgniter.php(351): CodeIgniter\CodeIgniter->handleRequest(NULL, Object(Config\Cache), false)
#10 C:\xampp\htdocs\Restfull_API\Rest_API_Server\public\index.php(67): CodeIgniter\CodeIgniter->run()
#11 C:\xampp\htdocs\Restfull_API\Rest_API_Server\system\Commands\Server\rewrite.php(46): require_once('C:\\xampp\\htdocs...')
#12 {main}

Next CodeIgniter\Database\Exceptions\DatabaseException: Access denied for user '****'@'localhost' (using password: YES) in C:\xampp\htdocs\Restfull_API\Rest_API_Server\system\Database\MySQLi\Connection.php:215
Stack trace:
#0 C:\xampp\htdocs\Restfull_API\Rest_API_Server\system\Database\BaseConnection.php(382): CodeIgniter\Database\MySQLi\Connection->connect(false)
#1 C:\xampp\htdocs\Restfull_API\Rest_API_Server\system\Database\BaseConnection.php(561): CodeIgniter\Database\BaseConnection->initialize()
#2 C:\xampp\htdocs\Restfull_API\Rest_API_Server\system\Database\BaseBuilder.php(1585): CodeIgniter\Database\BaseConnection->query('SELECT *\nFROM `...', Array, false)
#3 C:\xampp\htdocs\Restfull_API\Rest_API_Server\system\Model.php(223): CodeIgniter\Database\BaseBuilder->get()
#4 C:\xampp\htdocs\Restfull_API\Rest_API_Server\system\BaseModel.php(585): CodeIgniter\Model->doFindAll(0, 0)
#5 C:\xampp\htdocs\Restfull_API\Rest_API_Server\app\Controllers\Product.php(16): CodeIgniter\BaseModel->findAll()
#6 C:\xampp\htdocs\Restfull_API\Rest_API_Server\system\CodeIgniter.php(927): App\Controllers\Product->index()
#7 C:\xampp\htdocs\Restfull_API\Rest_API_Server\system\CodeIgniter.php(482): CodeIgniter\CodeIgniter->runController(Object(App\Controllers\Product))
#8 C:\xampp\htdocs\Restfull_API\Rest_API_Server\system\CodeIgniter.php(351): CodeIgniter\CodeIgniter->handleRequest(NULL, Object(Config\Cache), false)
#9 C:\xampp\htdocs\Restfull_API\Rest_API_Server\public\index.php(67): CodeIgniter\CodeIgniter->run()
#10 C:\xampp\htdocs\Restfull_API\Rest_API_Server\system\Commands\Server\rewrite.php(46): require_once('C:\\xampp\\htdocs...')
#11 {main}
CRITICAL - 2022-12-15 20:03:59 --> Unable to connect to the database.
Main connection [MySQLi]: Access denied for user '****'@'localhost' (using password: YES)
in SYSTEMPATH\Database\BaseConnection.php on line 418.
 1 SYSTEMPATH\Database\BaseConnection.php(561): CodeIgniter\Database\BaseConnection->initialize()
 2 SYSTEMPATH\Database\BaseBuilder.php(1585): CodeIgniter\Database\BaseConnection->query('SELECT *
FROM `produk`
ORDER BY `id` DESC', [], false)
 3 SYSTEMPATH\Model.php(223): CodeIgniter\Database\BaseBuilder->get()
 4 SYSTEMPATH\BaseModel.php(585): CodeIgniter\Model->doFindAll(0, 0)
 5 APPPATH\Controllers\Product.php(16): CodeIgniter\BaseModel->findAll()
 6 SYSTEMPATH\CodeIgniter.php(927): App\Controllers\Product->index()
 7 SYSTEMPATH\CodeIgniter.php(482): CodeIgniter\CodeIgniter->runController(Object(App\Controllers\Product))
 8 SYSTEMPATH\CodeIgniter.php(351): CodeIgniter\CodeIgniter->handleRequest(null, Object(Config\Cache), false)
 9 FCPATH\index.php(67): CodeIgniter\CodeIgniter->run()
10 SYSTEMPATH\Commands\Server\rewrite.php(46): require_once('FCPATH\\index.php')
